<?xml version="1.0" encoding="UTF-8"?>
<!-- Generated by org.testng.reporters.JUnitReportReporter -->
<testsuite hostname="DESKTOP-NVISI2T" failures="0" tests="1" name="TestNGPractice.RegistrationTestCaseEx" time="4.260" errors="0" timestamp="2024-07-05T12:54:45 IST" skipped="0">
  <testcase classname="TestNGPractice.RegistrationTestCaseEx" name="verifyPageUrl" time="4.260"/>
  <system-out/>
</testsuite> <!-- TestNGPractice.RegistrationTestCaseEx -->
