<?xml version="1.0" encoding="UTF-8"?>
<!-- Generated by org.testng.reporters.JUnitReportReporter -->
<testsuite hostname="DESKTOP-NVISI2T" failures="0" tests="2" name="TestNGPractice.TestNGAnnotationUseCaseEx" time="18.987" errors="0" timestamp="2024-06-30T17:57:11 IST" skipped="0">
  <testcase classname="TestNGPractice.TestNGAnnotationUseCaseEx" name="verifyPageUrl" time="10.639"/>
  <system-out/>
  <testcase classname="TestNGPractice.TestNGAnnotationUseCaseEx" name="verifyTitle" time="8.348"/>
  <system-out/>
</testsuite> <!-- TestNGPractice.TestNGAnnotationUseCaseEx -->
