<?xml version="1.0" encoding="UTF-8"?>
<!-- Generated by org.testng.reporters.JUnitReportReporter -->
<testsuite hostname="DESKTOP-NVISI2T" failures="0" tests="2" name="TestNGPractice.TestNGAnnotationEx" time="0.027" errors="0" timestamp="2024-06-30T17:43:40 IST" skipped="0">
  <testcase classname="TestNGPractice.TestNGAnnotationEx" name="testCase" time="0.012"/>
  <system-out/>
  <testcase classname="TestNGPractice.TestNGAnnotationEx" name="testCase_2" time="0.015"/>
  <system-out/>
</testsuite> <!-- TestNGPractice.TestNGAnnotationEx -->
